# JRE version: OpenJDK Runtime Environment (7.0_65-b32) (build 1.7.0_65-b32)
# Java VM: OpenJDK 64-Bit Server VM (24.65-b04 mixed mode linux-amd64 compressed oops)
Heap
 def new generation   total 3136K, used 841K [0x00000000e6400000, 0x00000000e6760000, 0x00000000eb600000)
  eden space 2816K,  18% used [0x00000000e6400000, 0x00000000e6482640, 0x00000000e66c0000)
  from space 320K,  99% used [0x00000000e6710000, 0x00000000e675fff8, 0x00000000e6760000)
  to   space 320K,   0% used [0x00000000e66c0000, 0x00000000e66c0000, 0x00000000e6710000)
 tenured generation   total 6860K, used 4518K [0x00000000eb600000, 0x00000000ebcb3000, 0x00000000f5a00000)
   the space 6860K,  65% used [0x00000000eb600000, 0x00000000eba69a88, 0x00000000eba69c00, 0x00000000ebcb3000)
 compacting perm gen  total 21248K, used 9908K [0x00000000f5a00000, 0x00000000f6ec0000, 0x0000000100000000)
   the space 21248K,  46% used [0x00000000f5a00000, 0x00000000f63ad110, 0x00000000f63ad200, 0x00000000f6ec0000)
GC Heap History (10 events):
Event: 0.822 GC heap before
{Heap before GC invocations=6 (full 0):
 def new generation   total 2368K, used 2296K [0x00000000e6400000, 0x00000000e6690000, 0x00000000eb600000)
  eden space 2112K,  96% used [0x00000000e6400000, 0x00000000e65fe128, 0x00000000e6610000)
  from space 256K,  99% used [0x00000000e6610000, 0x00000000e664fff0, 0x00000000e6650000)
  to   space 256K,   0% used [0x00000000e6650000, 0x00000000e6650000, 0x00000000e6690000)
 tenured generation   total 5248K, used 2525K [0x00000000eb600000, 0x00000000ebb20000, 0x00000000f5a00000)
   the space 5248K,  48% used [0x00000000eb600000, 0x00000000eb8776a0, 0x00000000eb877800, 0x00000000ebb20000)
 compacting perm gen  total 21248K, used 7102K [0x00000000f5a00000, 0x00000000f6ec0000, 0x0000000100000000)
   the space 21248K,  33% used [0x00000000f5a00000, 0x00000000f60efb00, 0x00000000f60efc00, 0x00000000f6ec0000)
No shared spaces configured.
Event: 0.827 GC heap after
Heap after GC invocations=7 (full 0):
 def new generation   total 2368K, used 256K [0x00000000e6400000, 0x00000000e6690000, 0x00000000eb600000)
  eden space 2112K,   0% used [0x00000000e6400000, 0x00000000e6400000, 0x00000000e6610000)
  from space 256K, 100% used [0x00000000e6650000, 0x00000000e6690000, 0x00000000e6690000)
  to   space 256K,   0% used [0x00000000e6610000, 0x00000000e6610000, 0x00000000e6650000)
 tenured generation   total 5248K, used 3061K [0x00000000eb600000, 0x00000000ebb20000, 0x00000000f5a00000)
   the space 5248K,  58% used [0x00000000eb600000, 0x00000000eb8fd560, 0x00000000eb8fd600, 0x00000000ebb20000)
 compacting perm gen  total 21248K, used 7102K [0x00000000f5a00000, 0x00000000f6ec0000, 0x0000000100000000)
   the space 21248K,  33% used [0x00000000f5a00000, 0x00000000f60efb00, 0x00000000f60efc00, 0x00000000f6ec0000)
No shared spaces configured.
}
Event: 0.899 GC heap before
{Heap before GC invocations=7 (full 0):
 def new generation   total 2368K, used 2368K [0x00000000e6400000, 0x00000000e6690000, 0x00000000eb600000)
  eden space 2112K, 100% used [0x00000000e6400000, 0x00000000e6610000, 0x00000000e6610000)
  from space 256K, 100% used [0x00000000e6650000, 0x00000000e6690000, 0x00000000e6690000)
  to   space 256K,   0% used [0x00000000e6610000, 0x00000000e6610000, 0x00000000e6650000)
 tenured generation   total 5248K, used 3061K [0x00000000eb600000, 0x00000000ebb20000, 0x00000000f5a00000)
   the space 5248K,  58% used [0x00000000eb600000, 0x00000000eb8fd560, 0x00000000eb8fd600, 0x00000000ebb20000)
 compacting perm gen  total 21248K, used 7418K [0x00000000f5a00000, 0x00000000f6ec0000, 0x0000000100000000)
   the space 21248K,  34% used [0x00000000f5a00000, 0x00000000f613ea60, 0x00000000f613ec00, 0x00000000f6ec0000)
No shared spaces configured.
Event: 0.902 GC heap after
Heap after GC invocations=8 (full 0):
 def new generation   total 2368K, used 256K [0x00000000e6400000, 0x00000000e6690000, 0x00000000eb600000)
  eden space 2112K,   0% used [0x00000000e6400000, 0x00000000e6400000, 0x00000000e6610000)
  from space 256K, 100% used [0x00000000e6610000, 0x00000000e6650000, 0x00000000e6650000)
  to   space 256K,   0% used [0x00000000e6650000, 0x00000000e6650000, 0x00000000e6690000)
 tenured generation   total 5248K, used 4437K [0x00000000eb600000, 0x00000000ebb20000, 0x00000000f5a00000)
   the space 5248K,  84% used [0x00000000eb600000, 0x00000000eba55540, 0x00000000eba55600, 0x00000000ebb20000)
 compacting perm gen  total 21248K, used 7418K [0x00000000f5a00000, 0x00000000f6ec0000, 0x0000000100000000)
   the space 21248K,  34% used [0x00000000f5a00000, 0x00000000f613ea60, 0x00000000f613ec00, 0x00000000f6ec0000)
No shared spaces configured.
}
Event: 0.977 GC heap before
{Heap before GC invocations=8 (full 0):
 def new generation   total 2368K, used 2367K [0x00000000e6400000, 0x00000000e6690000, 0x00000000eb600000)
  eden space 2112K,  99% used [0x00000000e6400000, 0x00000000e660fec8, 0x00000000e6610000)
  from space 256K, 100% used [0x00000000e6610000, 0x00000000e6650000, 0x00000000e6650000)
  to   space 256K,   0% used [0x00000000e6650000, 0x00000000e6650000, 0x00000000e6690000)
 tenured generation   total 5248K, used 4437K [0x00000000eb600000, 0x00000000ebb20000, 0x00000000f5a00000)
   the space 5248K,  84% used [0x00000000eb600000, 0x00000000eba55540, 0x00000000eba55600, 0x00000000ebb20000)
 compacting perm gen  total 21248K, used 7817K [0x00000000f5a00000, 0x00000000f6ec0000, 0x0000000100000000)
   the space 21248K,  36% used [0x00000000f5a00000, 0x00000000f61a2720, 0x00000000f61a2800, 0x00000000f6ec0000)
No shared spaces configured.
Event: 0.979 GC heap after
Heap after GC invocations=9 (full 0):
 def new generation   total 2368K, used 256K [0x00000000e6400000, 0x00000000e6690000, 0x00000000eb600000)
  eden space 2112K,   0% used [0x00000000e6400000, 0x00000000e6400000, 0x00000000e6610000)
  from space 256K, 100% used [0x00000000e6650000, 0x00000000e6690000, 0x00000000e6690000)
  to   space 256K,   0% used [0x00000000e6610000, 0x00000000e6610000, 0x00000000e6650000)
 tenured generation   total 5248K, used 5133K [0x00000000eb600000, 0x00000000ebb20000, 0x00000000f5a00000)
   the space 5248K,  97% used [0x00000000eb600000, 0x00000000ebb034e0, 0x00000000ebb03600, 0x00000000ebb20000)
 compacting perm gen  total 21248K, used 7817K [0x00000000f5a00000, 0x00000000f6ec0000, 0x0000000100000000)
   the space 21248K,  36% used [0x00000000f5a00000, 0x00000000f61a2720, 0x00000000f61a2800, 0x00000000f6ec0000)
No shared spaces configured.
}
Event: 1.154 GC heap before
{Heap before GC invocations=9 (full 0):
 def new generation   total 2368K, used 2368K [0x00000000e6400000, 0x00000000e6690000, 0x00000000eb600000)
  eden space 2112K, 100% used [0x00000000e6400000, 0x00000000e6610000, 0x00000000e6610000)
  from space 256K, 100% used [0x00000000e6650000, 0x00000000e6690000, 0x00000000e6690000)
  to   space 256K,   0% used [0x00000000e6610000, 0x00000000e6610000, 0x00000000e6650000)
 tenured generation   total 5248K, used 5133K [0x00000000eb600000, 0x00000000ebb20000, 0x00000000f5a00000)
   the space 5248K,  97% used [0x00000000eb600000, 0x00000000ebb034e0, 0x00000000ebb03600, 0x00000000ebb20000)
 compacting perm gen  total 21248K, used 8805K [0x00000000f5a00000, 0x00000000f6ec0000, 0x0000000100000000)
   the space 21248K,  41% used [0x00000000f5a00000, 0x00000000f6299638, 0x00000000f6299800, 0x00000000f6ec0000)
No shared spaces configured.
Event: 1.173 GC heap after
Heap after GC invocations=10 (full 1):
 def new generation   total 3136K, used 0K [0x00000000e6400000, 0x00000000e6760000, 0x00000000eb600000)
  eden space 2816K,   0% used [0x00000000e6400000, 0x00000000e6400000, 0x00000000e66c0000)
  from space 320K,   0% used [0x00000000e66c0000, 0x00000000e66c0000, 0x00000000e6710000)
  to   space 320K,   0% used [0x00000000e6710000, 0x00000000e6710000, 0x00000000e6760000)
 tenured generation   total 6860K, used 4114K [0x00000000eb600000, 0x00000000ebcb3000, 0x00000000f5a00000)
   the space 6860K,  59% used [0x00000000eb600000, 0x00000000eba04808, 0x00000000eba04a00, 0x00000000ebcb3000)
 compacting perm gen  total 21248K, used 8805K [0x00000000f5a00000, 0x00000000f6ec0000, 0x0000000100000000)
   the space 21248K,  41% used [0x00000000f5a00000, 0x00000000f6299638, 0x00000000f6299800, 0x00000000f6ec0000)
No shared spaces configured.
}
Event: 1.293 GC heap before
{Heap before GC invocations=10 (full 1):
 def new generation   total 3136K, used 2816K [0x00000000e6400000, 0x00000000e6760000, 0x00000000eb600000)
  eden space 2816K, 100% used [0x00000000e6400000, 0x00000000e66c0000, 0x00000000e66c0000)
  from space 320K,   0% used [0x00000000e66c0000, 0x00000000e66c0000, 0x00000000e6710000)
  to   space 320K,   0% used [0x00000000e6710000, 0x00000000e6710000, 0x00000000e6760000)
 tenured generation   total 6860K, used 4114K [0x00000000eb600000, 0x00000000ebcb3000, 0x00000000f5a00000)
   the space 6860K,  59% used [0x00000000eb600000, 0x00000000eba04808, 0x00000000eba04a00, 0x00000000ebcb3000)
 compacting perm gen  total 21248K, used 9803K [0x00000000f5a00000, 0x00000000f6ec0000, 0x0000000100000000)
   the space 21248K,  46% used [0x00000000f5a00000, 0x00000000f6392e40, 0x00000000f6393000, 0x00000000f6ec0000)
No shared spaces configured.
Event: 1.295 GC heap after
Heap after GC invocations=11 (full 1):
 def new generation   total 3136K, used 319K [0x00000000e6400000, 0x00000000e6760000, 0x00000000eb600000)
  eden space 2816K,   0% used [0x00000000e6400000, 0x00000000e6400000, 0x00000000e66c0000)
  from space 320K,  99% used [0x00000000e6710000, 0x00000000e675fff8, 0x00000000e6760000)
  to   space 320K,   0% used [0x00000000e66c0000, 0x00000000e66c0000, 0x00000000e6710000)
 tenured generation   total 6860K, used 4518K [0x00000000eb600000, 0x00000000ebcb3000, 0x00000000f5a00000)
   the space 6860K,  65% used [0x00000000eb600000, 0x00000000eba69a88, 0x00000000eba69c00, 0x00000000ebcb3000)
 compacting perm gen  total 21248K, used 9803K [0x00000000f5a00000, 0x00000000f6ec0000, 0x0000000100000000)
   the space 21248K,  46% used [0x00000000f5a00000, 0x00000000f6392e40, 0x00000000f6393000, 0x00000000f6ec0000)
No shared spaces configured.
}

