# JRE version: OpenJDK Runtime Environment (7.0_65-b32) (build 1.7.0_65-b32)
# Java VM: OpenJDK 64-Bit Server VM (24.65-b04 mixed mode linux-amd64 compressed oops)
Heap
 def new generation   total 3136K, used 853K [0x00000000e6400000, 0x00000000e6760000, 0x00000000eb600000)
  eden space 2816K,  18% used [0x00000000e6400000, 0x00000000e64857b0, 0x00000000e66c0000)
  from space 320K, 100% used [0x00000000e6710000, 0x00000000e6760000, 0x00000000e6760000)
  to   space 320K,   0% used [0x00000000e66c0000, 0x00000000e66c0000, 0x00000000e6710000)
 tenured generation   total 6840K, used 4504K [0x00000000eb600000, 0x00000000ebcae000, 0x00000000f5a00000)
   the space 6840K,  65% used [0x00000000eb600000, 0x00000000eba660c0, 0x00000000eba66200, 0x00000000ebcae000)
 compacting perm gen  total 21248K, used 9908K [0x00000000f5a00000, 0x00000000f6ec0000, 0x0000000100000000)
   the space 21248K,  46% used [0x00000000f5a00000, 0x00000000f63ad110, 0x00000000f63ad200, 0x00000000f6ec0000)
GC Heap History (10 events):
Event: 0.793 GC heap before
{Heap before GC invocations=6 (full 0):
 def new generation   total 2368K, used 2280K [0x00000000e6400000, 0x00000000e6690000, 0x00000000eb600000)
  eden space 2112K,  95% used [0x00000000e6400000, 0x00000000e65fa018, 0x00000000e6610000)
  from space 256K, 100% used [0x00000000e6610000, 0x00000000e6650000, 0x00000000e6650000)
  to   space 256K,   0% used [0x00000000e6650000, 0x00000000e6650000, 0x00000000e6690000)
 tenured generation   total 5248K, used 2536K [0x00000000eb600000, 0x00000000ebb20000, 0x00000000f5a00000)
   the space 5248K,  48% used [0x00000000eb600000, 0x00000000eb87a0a0, 0x00000000eb87a200, 0x00000000ebb20000)
 compacting perm gen  total 21248K, used 7102K [0x00000000f5a00000, 0x00000000f6ec0000, 0x0000000100000000)
   the space 21248K,  33% used [0x00000000f5a00000, 0x00000000f60efb00, 0x00000000f60efc00, 0x00000000f6ec0000)
No shared spaces configured.
Event: 0.795 GC heap after
Heap after GC invocations=7 (full 0):
 def new generation   total 2368K, used 255K [0x00000000e6400000, 0x00000000e6690000, 0x00000000eb600000)
  eden space 2112K,   0% used [0x00000000e6400000, 0x00000000e6400000, 0x00000000e6610000)
  from space 256K,  99% used [0x00000000e6650000, 0x00000000e668fff8, 0x00000000e6690000)
  to   space 256K,   0% used [0x00000000e6610000, 0x00000000e6610000, 0x00000000e6650000)
 tenured generation   total 5248K, used 3060K [0x00000000eb600000, 0x00000000ebb20000, 0x00000000f5a00000)
   the space 5248K,  58% used [0x00000000eb600000, 0x00000000eb8fd2f0, 0x00000000eb8fd400, 0x00000000ebb20000)
 compacting perm gen  total 21248K, used 7102K [0x00000000f5a00000, 0x00000000f6ec0000, 0x0000000100000000)
   the space 21248K,  33% used [0x00000000f5a00000, 0x00000000f60efb00, 0x00000000f60efc00, 0x00000000f6ec0000)
No shared spaces configured.
}
Event: 0.886 GC heap before
{Heap before GC invocations=7 (full 0):
 def new generation   total 2368K, used 2367K [0x00000000e6400000, 0x00000000e6690000, 0x00000000eb600000)
  eden space 2112K, 100% used [0x00000000e6400000, 0x00000000e6610000, 0x00000000e6610000)
  from space 256K,  99% used [0x00000000e6650000, 0x00000000e668fff8, 0x00000000e6690000)
  to   space 256K,   0% used [0x00000000e6610000, 0x00000000e6610000, 0x00000000e6650000)
 tenured generation   total 5248K, used 3060K [0x00000000eb600000, 0x00000000ebb20000, 0x00000000f5a00000)
   the space 5248K,  58% used [0x00000000eb600000, 0x00000000eb8fd2f0, 0x00000000eb8fd400, 0x00000000ebb20000)
 compacting perm gen  total 21248K, used 7418K [0x00000000f5a00000, 0x00000000f6ec0000, 0x0000000100000000)
   the space 21248K,  34% used [0x00000000f5a00000, 0x00000000f613ea60, 0x00000000f613ec00, 0x00000000f6ec0000)
No shared spaces configured.
Event: 0.889 GC heap after
Heap after GC invocations=8 (full 0):
 def new generation   total 2368K, used 256K [0x00000000e6400000, 0x00000000e6690000, 0x00000000eb600000)
  eden space 2112K,   0% used [0x00000000e6400000, 0x00000000e6400000, 0x00000000e6610000)
  from space 256K, 100% used [0x00000000e6610000, 0x00000000e6650000, 0x00000000e6650000)
  to   space 256K,   0% used [0x00000000e6650000, 0x00000000e6650000, 0x00000000e6690000)
 tenured generation   total 5248K, used 4436K [0x00000000eb600000, 0x00000000ebb20000, 0x00000000f5a00000)
   the space 5248K,  84% used [0x00000000eb600000, 0x00000000eba55178, 0x00000000eba55200, 0x00000000ebb20000)
 compacting perm gen  total 21248K, used 7418K [0x00000000f5a00000, 0x00000000f6ec0000, 0x0000000100000000)
   the space 21248K,  34% used [0x00000000f5a00000, 0x00000000f613ea60, 0x00000000f613ec00, 0x00000000f6ec0000)
No shared spaces configured.
}
Event: 0.934 GC heap before
{Heap before GC invocations=8 (full 0):
 def new generation   total 2368K, used 2355K [0x00000000e6400000, 0x00000000e6690000, 0x00000000eb600000)
  eden space 2112K,  99% used [0x00000000e6400000, 0x00000000e660cc10, 0x00000000e6610000)
  from space 256K, 100% used [0x00000000e6610000, 0x00000000e6650000, 0x00000000e6650000)
  to   space 256K,   0% used [0x00000000e6650000, 0x00000000e6650000, 0x00000000e6690000)
 tenured generation   total 5248K, used 4436K [0x00000000eb600000, 0x00000000ebb20000, 0x00000000f5a00000)
   the space 5248K,  84% used [0x00000000eb600000, 0x00000000eba55178, 0x00000000eba55200, 0x00000000ebb20000)
 compacting perm gen  total 21248K, used 7817K [0x00000000f5a00000, 0x00000000f6ec0000, 0x0000000100000000)
   the space 21248K,  36% used [0x00000000f5a00000, 0x00000000f61a2720, 0x00000000f61a2800, 0x00000000f6ec0000)
No shared spaces configured.
Event: 0.937 GC heap after
Heap after GC invocations=9 (full 0):
 def new generation   total 2368K, used 255K [0x00000000e6400000, 0x00000000e6690000, 0x00000000eb600000)
  eden space 2112K,   0% used [0x00000000e6400000, 0x00000000e6400000, 0x00000000e6610000)
  from space 256K,  99% used [0x00000000e6650000, 0x00000000e668fff0, 0x00000000e6690000)
  to   space 256K,   0% used [0x00000000e6610000, 0x00000000e6610000, 0x00000000e6650000)
 tenured generation   total 5248K, used 5124K [0x00000000eb600000, 0x00000000ebb20000, 0x00000000f5a00000)
   the space 5248K,  97% used [0x00000000eb600000, 0x00000000ebb01128, 0x00000000ebb01200, 0x00000000ebb20000)
 compacting perm gen  total 21248K, used 7817K [0x00000000f5a00000, 0x00000000f6ec0000, 0x0000000100000000)
   the space 21248K,  36% used [0x00000000f5a00000, 0x00000000f61a2720, 0x00000000f61a2800, 0x00000000f6ec0000)
No shared spaces configured.
}
Event: 1.010 GC heap before
{Heap before GC invocations=9 (full 0):
 def new generation   total 2368K, used 2365K [0x00000000e6400000, 0x00000000e6690000, 0x00000000eb600000)
  eden space 2112K,  99% used [0x00000000e6400000, 0x00000000e660f808, 0x00000000e6610000)
  from space 256K,  99% used [0x00000000e6650000, 0x00000000e668fff0, 0x00000000e6690000)
  to   space 256K,   0% used [0x00000000e6610000, 0x00000000e6610000, 0x00000000e6650000)
 tenured generation   total 5248K, used 5124K [0x00000000eb600000, 0x00000000ebb20000, 0x00000000f5a00000)
   the space 5248K,  97% used [0x00000000eb600000, 0x00000000ebb01128, 0x00000000ebb01200, 0x00000000ebb20000)
 compacting perm gen  total 21248K, used 8801K [0x00000000f5a00000, 0x00000000f6ec0000, 0x0000000100000000)
   the space 21248K,  41% used [0x00000000f5a00000, 0x00000000f6298448, 0x00000000f6298600, 0x00000000f6ec0000)
No shared spaces configured.
Event: 1.029 GC heap after
Heap after GC invocations=10 (full 1):
 def new generation   total 3136K, used 0K [0x00000000e6400000, 0x00000000e6760000, 0x00000000eb600000)
  eden space 2816K,   0% used [0x00000000e6400000, 0x00000000e6400000, 0x00000000e66c0000)
  from space 320K,   0% used [0x00000000e66c0000, 0x00000000e66c0000, 0x00000000e6710000)
  to   space 320K,   0% used [0x00000000e6710000, 0x00000000e6710000, 0x00000000e6760000)
 tenured generation   total 6840K, used 4101K [0x00000000eb600000, 0x00000000ebcae000, 0x00000000f5a00000)
   the space 6840K,  59% used [0x00000000eb600000, 0x00000000eba017b8, 0x00000000eba01800, 0x00000000ebcae000)
 compacting perm gen  total 21248K, used 8801K [0x00000000f5a00000, 0x00000000f6ec0000, 0x0000000100000000)
   the space 21248K,  41% used [0x00000000f5a00000, 0x00000000f6298448, 0x00000000f6298600, 0x00000000f6ec0000)
No shared spaces configured.
}
Event: 1.166 GC heap before
{Heap before GC invocations=10 (full 1):
 def new generation   total 3136K, used 2816K [0x00000000e6400000, 0x00000000e6760000, 0x00000000eb600000)
  eden space 2816K, 100% used [0x00000000e6400000, 0x00000000e66c0000, 0x00000000e66c0000)
  from space 320K,   0% used [0x00000000e66c0000, 0x00000000e66c0000, 0x00000000e6710000)
  to   space 320K,   0% used [0x00000000e6710000, 0x00000000e6710000, 0x00000000e6760000)
 tenured generation   total 6840K, used 4101K [0x00000000eb600000, 0x00000000ebcae000, 0x00000000f5a00000)
   the space 6840K,  59% used [0x00000000eb600000, 0x00000000eba017b8, 0x00000000eba01800, 0x00000000ebcae000)
 compacting perm gen  total 21248K, used 9800K [0x00000000f5a00000, 0x00000000f6ec0000, 0x0000000100000000)
   the space 21248K,  46% used [0x00000000f5a00000, 0x00000000f63922c8, 0x00000000f6392400, 0x00000000f6ec0000)
No shared spaces configured.
Event: 1.169 GC heap after
Heap after GC invocations=11 (full 1):
 def new generation   total 3136K, used 320K [0x00000000e6400000, 0x00000000e6760000, 0x00000000eb600000)
  eden space 2816K,   0% used [0x00000000e6400000, 0x00000000e6400000, 0x00000000e66c0000)
  from space 320K, 100% used [0x00000000e6710000, 0x00000000e6760000, 0x00000000e6760000)
  to   space 320K,   0% used [0x00000000e66c0000, 0x00000000e66c0000, 0x00000000e6710000)
 tenured generation   total 6840K, used 4504K [0x00000000eb600000, 0x00000000ebcae000, 0x00000000f5a00000)
   the space 6840K,  65% used [0x00000000eb600000, 0x00000000eba660c0, 0x00000000eba66200, 0x00000000ebcae000)
 compacting perm gen  total 21248K, used 9800K [0x00000000f5a00000, 0x00000000f6ec0000, 0x0000000100000000)
   the space 21248K,  46% used [0x00000000f5a00000, 0x00000000f63922c8, 0x00000000f6392400, 0x00000000f6ec0000)
No shared spaces configured.
}

